<?xml version="1.0" encoding="UTF-8"?>
<!-- Generated by org.testng.reporters.JUnitXMLReporter -->
<testsuite hostname="IN-SDakinedi-LT" ignored="4" name="Default test" tests="2" failures="2" timestamp="17 May 2018 11:18:07 GMT" time="62.255" errors="0">
  <testcase name="test01_VerifyInventoryManagerAndFiltersForOCM8P_NE_Context" time="31.163" classname="test.java.com.infinera.dnam.gui.inventory.InventoryTests">
    <failure type="java.lang.AssertionError" message="FindFailed: can not find C:\Users\sdakinedi\Desktop\JAVA\Eclipse_workspace\dnamGuiTesting_Java\lib\Find_String.png on the screen.
  Line 1574, in file Region.java
">
      <![CDATA[java.lang.AssertionError: FindFailed: can not find C:\Users\sdakinedi\Desktop\JAVA\Eclipse_workspace\dnamGuiTesting_Java\lib\Find_String.png on the screen.
  Line 1574, in file Region.java

at test.java.com.infinera.dnam.gui.inventory.InventoryTests.test01_VerifyInventoryManagerAndFiltersForOCM8P_NE_Context(InventoryTests.java:191)
at sun.reflect.NativeMethodAccessorImpl.invoke0(Native Method)
at sun.reflect.NativeMethodAccessorImpl.invoke(NativeMethodAccessorImpl.java:62)
at sun.reflect.DelegatingMethodAccessorImpl.invoke(DelegatingMethodAccessorImpl.java:43)
at java.lang.reflect.Method.invoke(Method.java:498)
at org.testng.internal.MethodInvocationHelper.invokeMethod(MethodInvocationHelper.java:124)
at org.testng.internal.Invoker.invokeMethod(Invoker.java:583)
at org.testng.internal.Invoker.invokeTestMethod(Invoker.java:719)
at org.testng.internal.Invoker.invokeTestMethods(Invoker.java:989)
at org.testng.internal.TestMethodWorker.invokeTestMethods(TestMethodWorker.java:125)
at org.testng.internal.TestMethodWorker.run(TestMethodWorker.java:109)
at org.testng.TestRunner.privateRun(TestRunner.java:648)
at org.testng.TestRunner.run(TestRunner.java:505)
at org.testng.SuiteRunner.runTest(SuiteRunner.java:455)
at org.testng.SuiteRunner.runSequentially(SuiteRunner.java:450)
at org.testng.SuiteRunner.privateRun(SuiteRunner.java:415)
at org.testng.SuiteRunner.run(SuiteRunner.java:364)
at org.testng.SuiteRunnerWorker.runSuite(SuiteRunnerWorker.java:52)
at org.testng.SuiteRunnerWorker.run(SuiteRunnerWorker.java:84)
at org.testng.TestNG.runSuitesSequentially(TestNG.java:1208)
at org.testng.TestNG.runSuitesLocally(TestNG.java:1137)
at org.testng.TestNG.runSuites(TestNG.java:1049)
at org.testng.TestNG.run(TestNG.java:1017)
at org.testng.remote.AbstractRemoteTestNG.run(AbstractRemoteTestNG.java:114)
at org.testng.remote.RemoteTestNG.initAndRun(RemoteTestNG.java:251)
at org.testng.remote.RemoteTestNG.main(RemoteTestNG.java:77)
Caused by: FindFailed: can not find C:\Users\sdakinedi\Desktop\JAVA\Eclipse_workspace\dnamGuiTesting_Java\lib\Find_String.png on the screen.
  Line 1574, in file Region.java

at org.sikuli.script.Region.handleFindFailed(Region.java:1574)
at org.sikuli.script.Region.wait(Region.java:1682)
at org.sikuli.script.Region.find(Region.java:1590)
at test.java.com.infinera.dnam.gui.inventory.InventoryTests.test01_VerifyInventoryManagerAndFiltersForOCM8P_NE_Context(InventoryTests.java:72)
... 25 more
]]>
    </failure>
  </testcase> <!-- test01_VerifyInventoryManagerAndFiltersForOCM8P_NE_Context -->
  <testcase name="test02_VerifyInventoryManagerExportForOCM8P_NE_Context" time="31.068" classname="test.java.com.infinera.dnam.gui.inventory.InventoryTests">
    <failure type="java.lang.AssertionError" message="FindFailed: can not find C:\Users\sdakinedi\Desktop\JAVA\Eclipse_workspace\dnamGuiTesting_Java\lib\nodeIp_10_210_130_171_Name.png on the screen.
  Line 1574, in file Region.java
">
      <![CDATA[java.lang.AssertionError: FindFailed: can not find C:\Users\sdakinedi\Desktop\JAVA\Eclipse_workspace\dnamGuiTesting_Java\lib\nodeIp_10_210_130_171_Name.png on the screen.
  Line 1574, in file Region.java

at test.java.com.infinera.dnam.gui.inventory.InventoryTests.test02_VerifyInventoryManagerExportForOCM8P_NE_Context(InventoryTests.java:298)
at sun.reflect.NativeMethodAccessorImpl.invoke0(Native Method)
at sun.reflect.NativeMethodAccessorImpl.invoke(NativeMethodAccessorImpl.java:62)
at sun.reflect.DelegatingMethodAccessorImpl.invoke(DelegatingMethodAccessorImpl.java:43)
at java.lang.reflect.Method.invoke(Method.java:498)
at org.testng.internal.MethodInvocationHelper.invokeMethod(MethodInvocationHelper.java:124)
at org.testng.internal.Invoker.invokeMethod(Invoker.java:583)
at org.testng.internal.Invoker.invokeTestMethod(Invoker.java:719)
at org.testng.internal.Invoker.invokeTestMethods(Invoker.java:989)
at org.testng.internal.TestMethodWorker.invokeTestMethods(TestMethodWorker.java:125)
at org.testng.internal.TestMethodWorker.run(TestMethodWorker.java:109)
at org.testng.TestRunner.privateRun(TestRunner.java:648)
at org.testng.TestRunner.run(TestRunner.java:505)
at org.testng.SuiteRunner.runTest(SuiteRunner.java:455)
at org.testng.SuiteRunner.runSequentially(SuiteRunner.java:450)
at org.testng.SuiteRunner.privateRun(SuiteRunner.java:415)
at org.testng.SuiteRunner.run(SuiteRunner.java:364)
at org.testng.SuiteRunnerWorker.runSuite(SuiteRunnerWorker.java:52)
at org.testng.SuiteRunnerWorker.run(SuiteRunnerWorker.java:84)
at org.testng.TestNG.runSuitesSequentially(TestNG.java:1208)
at org.testng.TestNG.runSuitesLocally(TestNG.java:1137)
at org.testng.TestNG.runSuites(TestNG.java:1049)
at org.testng.TestNG.run(TestNG.java:1017)
at org.testng.remote.AbstractRemoteTestNG.run(AbstractRemoteTestNG.java:114)
at org.testng.remote.RemoteTestNG.initAndRun(RemoteTestNG.java:251)
at org.testng.remote.RemoteTestNG.main(RemoteTestNG.java:77)
Caused by: FindFailed: can not find C:\Users\sdakinedi\Desktop\JAVA\Eclipse_workspace\dnamGuiTesting_Java\lib\nodeIp_10_210_130_171_Name.png on the screen.
  Line 1574, in file Region.java

at org.sikuli.script.Region.handleFindFailed(Region.java:1574)
at org.sikuli.script.Region.wait(Region.java:1682)
at org.sikuli.script.Region.find(Region.java:1590)
at test.java.com.infinera.dnam.gui.inventory.InventoryTests.test02_VerifyInventoryManagerExportForOCM8P_NE_Context(InventoryTests.java:240)
... 25 more
]]>
    </failure>
  </testcase> <!-- test02_VerifyInventoryManagerExportForOCM8P_NE_Context -->
  <testcase name="test09_VerifyInventoryManagerAndFiltersForOCM8P_Subnet_Context" time="0.0" classname="test.java.com.infinera.dnam.gui.inventory.InventoryTests">
    <ignored/>
  </testcase> <!-- test09_VerifyInventoryManagerAndFiltersForOCM8P_Subnet_Context -->
  <testcase name="test17_VerifyInventoryManagerAndFiltersForOCM8P_Network_Context" time="0.0" classname="test.java.com.infinera.dnam.gui.inventory.InventoryTests">
    <ignored/>
  </testcase> <!-- test17_VerifyInventoryManagerAndFiltersForOCM8P_Network_Context -->
  <testcase name="test10_VerifyInventoryManagerExportForOCM8P_Subnet_Context" time="0.0" classname="test.java.com.infinera.dnam.gui.inventory.InventoryTests">
    <ignored/>
  </testcase> <!-- test10_VerifyInventoryManagerExportForOCM8P_Subnet_Context -->
  <testcase name="test18_VerifyInventoryManagerExportForOCM8P_Network_Context" time="0.0" classname="test.java.com.infinera.dnam.gui.inventory.InventoryTests">
    <ignored/>
  </testcase> <!-- test18_VerifyInventoryManagerExportForOCM8P_Network_Context -->
</testsuite> <!-- Default test -->
